<?xml version="1.0" encoding="UTF-8"?>
<!-- Generated by org.testng.reporters.JUnitXMLReporter -->
<testsuite ignored="5" hostname="Vikram" failures="0" tests="93" name="Test" time="380.156" errors="0" timestamp="2022-07-13T11:02:37 IST">
  <testcase classname="com.emicalculation.pages.HomeLoanCalculationPage" name="openApplication" time="21.024"/>
  <testcase classname="com.emicalculation.pages.HomeLoanCalculationPage" name="navigateToLoanTenureCal" time="5.372"/>
  <testcase classname="com.emicalculation.pages.HomeLoanCalculationPage" name="setHomeLoanDetails" time="5.902"/>
  <testcase classname="com.emicalculation.pages.HomeLoanCalculationPage" name="setHomeOwnerExpenses" time="3.073"/>
  <testcase classname="com.emicalculation.pages.HomeLoanCalculationPage" name="capturePaymentDetails" time="5.521"/>
  <testcase classname="com.emicalculation.pages.HomeLoanCalculationPage" name="getTableData" time="202.372"/>
  <testcase classname="com.emicalculation.pages.HomeLoanCalculationPage" name="closeApplication" time="0.223"/>
  <testcase classname="com.emicalculation.pages.CarLoanPage" name="openApplication" time="7.395"/>
  <testcase classname="com.emicalculation.pages.CarLoanPage" name="navigateToCarLoanTab" time="0.79"/>
  <testcase classname="com.emicalculation.pages.CarLoanPage" name="setCarLoanAmount" time="0.307"/>
  <testcase classname="com.emicalculation.pages.CarLoanPage" name="setInterestRate" time="0.561"/>
  <testcase classname="com.emicalculation.pages.CarLoanPage" name="setLoanTenure" time="0.875"/>
  <testcase classname="com.emicalculation.pages.CarLoanPage" name="captureCarLoanEmiDetails" time="4.927"/>
  <testcase classname="com.emicalculation.pages.CarLoanPage" name="getOneMonthData" time="0.646"/>
  <testcase classname="com.emicalculation.pages.CarLoanPage" name="getTableData" time="9.459"/>
  <testcase classname="com.emicalculation.pages.CarLoanPage" name="closeApplication" time="0.192"/>
  <testcase classname="com.emicalculation.pages.LoanTenureCalculatorPageUI" name="openApplication" time="11.472"/>
  <testcase classname="com.emicalculation.pages.LoanTenureCalculatorPageUI" name="navigateToLoanTenureCal" time="4.84"/>
  <testcase classname="com.emicalculation.pages.LoanTenureCalculatorPageUI" name="loanAmountTextBoxAvailibility" time="0.448"/>
  <testcase classname="com.emicalculation.pages.LoanTenureCalculatorPageUI" name="loanAmountsliderAvailibility" time="0.344"/>
  <testcase classname="com.emicalculation.pages.LoanTenureCalculatorPageUI" name="loanAmountsliderCheck" time="0.479"/>
  <testcase classname="com.emicalculation.pages.LoanTenureCalculatorPageUI" name="enterLoanAmountCheck" time="0.178"/>
  <testcase classname="com.emicalculation.pages.LoanTenureCalculatorPageUI" name="checkLoanAmountScale" time="0.368"/>
  <testcase classname="com.emicalculation.pages.LoanTenureCalculatorPageUI" name="emiTextBoxAvailibility" time="0.376"/>
  <testcase classname="com.emicalculation.pages.LoanTenureCalculatorPageUI" name="emiSliderAvailibility" time="0.384"/>
  <testcase classname="com.emicalculation.pages.LoanTenureCalculatorPageUI" name="emiSliderCheck" time="0.425"/>
  <testcase classname="com.emicalculation.pages.LoanTenureCalculatorPageUI" name="enterEmiAmountCheck" time="0.192"/>
  <testcase classname="com.emicalculation.pages.LoanTenureCalculatorPageUI" name="checkEmiAmountScale" time="0.248"/>
  <testcase classname="com.emicalculation.pages.LoanTenureCalculatorPageUI" name="interestRateTextBoxAvailibility" time="0.816"/>
  <testcase classname="com.emicalculation.pages.LoanTenureCalculatorPageUI" name="interestRateSliderAvailibility" time="0.4"/>
  <testcase classname="com.emicalculation.pages.LoanTenureCalculatorPageUI" name="interestRateSliderCheck" time="0.434"/>
  <testcase classname="com.emicalculation.pages.LoanTenureCalculatorPageUI" name="enterInterestRateCheck" time="0.344"/>
  <testcase classname="com.emicalculation.pages.LoanTenureCalculatorPageUI" name="checkInterestRateScale" time="0.328"/>
  <testcase classname="com.emicalculation.pages.LoanTenureCalculatorPageUI" name="feesChargesTextBoxAvailibility" time="0.504"/>
  <testcase classname="com.emicalculation.pages.LoanTenureCalculatorPageUI" name="feesChargesSliderAvailibility" time="0.48"/>
  <testcase classname="com.emicalculation.pages.LoanTenureCalculatorPageUI" name="feesChargesSliderCheck" time="0.432"/>
  <testcase classname="com.emicalculation.pages.LoanTenureCalculatorPageUI" name="enterFeesChargesCheck" time="0.464"/>
  <testcase classname="com.emicalculation.pages.LoanTenureCalculatorPageUI" name="checkFeesChargesScale" time="0.28"/>
  <testcase classname="com.emicalculation.pages.LoanTenureCalculatorPageUI" name="closeApplication" time="0.202"/>
  <testcase classname="com.emicalculation.pages.PersonalLoanPage" name="openApplication" time="15.32"/>
  <testcase classname="com.emicalculation.pages.PersonalLoanPage" name="navigatePersonalLoanTab" time="0.576"/>
  <testcase classname="com.emicalculation.pages.PersonalLoanPage" name="enterPersonalLoanAmount" time="0.16"/>
  <testcase classname="com.emicalculation.pages.PersonalLoanPage" name="enterInterestRate" time="0.296"/>
  <testcase classname="com.emicalculation.pages.PersonalLoanPage" name="enterLoanTenure" time="0.25"/>
  <testcase classname="com.emicalculation.pages.PersonalLoanPage" name="captureCarLoanEmiDetails" time="4.832"/>
  <testcase classname="com.emicalculation.pages.PersonalLoanPage" name="geTabletData" time="26.875"/>
  <testcase classname="com.emicalculation.pages.PersonalLoanPage" name="closeApplication" time="0.238"/>
  <testcase classname="com.emicalculation.pages.LoanAmountCalculatorPageUI" name="openBrowser" time="7.243"/>
  <testcase classname="com.emicalculation.pages.LoanAmountCalculatorPageUI" name="navigateToLoanAmountCal" time="3.602"/>
  <testcase classname="com.emicalculation.pages.LoanAmountCalculatorPageUI" name="emiTextBoxAvailibility" time="0.321"/>
  <testcase classname="com.emicalculation.pages.LoanAmountCalculatorPageUI" name="emiSliderAvailibility" time="0.291"/>
  <testcase classname="com.emicalculation.pages.LoanAmountCalculatorPageUI" name="emiSliderCheck" time="0.4"/>
  <testcase classname="com.emicalculation.pages.LoanAmountCalculatorPageUI" name="enterEmiAmountCheck" time="0.241"/>
  <testcase classname="com.emicalculation.pages.LoanAmountCalculatorPageUI" name="checkEmiAmountScale" time="0.226"/>
  <testcase classname="com.emicalculation.pages.LoanAmountCalculatorPageUI" name="interestRateTextBoxAvailibility" time="0.487"/>
  <testcase classname="com.emicalculation.pages.LoanAmountCalculatorPageUI" name="interestRateSliderAvailibility" time="0.429"/>
  <testcase classname="com.emicalculation.pages.LoanAmountCalculatorPageUI" name="interestRateSliderCheck" time="0.442"/>
  <testcase classname="com.emicalculation.pages.LoanAmountCalculatorPageUI" name="enterInterestRateCheck" time="0.331"/>
  <testcase classname="com.emicalculation.pages.LoanAmountCalculatorPageUI" name="checkInterestRateScale" time="0.34"/>
  <testcase classname="com.emicalculation.pages.LoanAmountCalculatorPageUI" name="loanTenureTextBoxAvailibility" time="0.39"/>
  <testcase classname="com.emicalculation.pages.LoanAmountCalculatorPageUI" name="loanTenureSliderAvailibility" time="0.349"/>
  <testcase classname="com.emicalculation.pages.LoanAmountCalculatorPageUI" name="loanTenureSliderCheck" time="0.429"/>
  <testcase classname="com.emicalculation.pages.LoanAmountCalculatorPageUI" name="enterLoanTenureCheck" time="0.415"/>
  <testcase classname="com.emicalculation.pages.LoanAmountCalculatorPageUI" name="checkLoanTenureScale" time="0.664"/>
  <testcase classname="com.emicalculation.pages.LoanAmountCalculatorPageUI" name="feesChargesTextBoxAvailibility" time="0.486"/>
  <testcase classname="com.emicalculation.pages.LoanAmountCalculatorPageUI" name="feesChargesSliderAvailibility" time="0.332"/>
  <testcase classname="com.emicalculation.pages.LoanAmountCalculatorPageUI" name="feesChargesSliderCheck" time="0.421"/>
  <testcase classname="com.emicalculation.pages.LoanAmountCalculatorPageUI" name="enterFeesChargesCheck" time="0.295"/>
  <testcase classname="com.emicalculation.pages.LoanAmountCalculatorPageUI" name="checkFeesChargesScale" time="0.246"/>
  <testcase classname="com.emicalculation.pages.LoanAmountCalculatorPageUI" name="closeApplication" time="0.241"/>
  <testcase classname="com.emicalculation.pages.EmiCalculatorPageUI" name="openBrowser" time="6.045"/>
  <testcase classname="com.emicalculation.pages.EmiCalculatorPageUI" name="navigateToLoanAmountCal" time="3.855"/>
  <testcase classname="com.emicalculation.pages.EmiCalculatorPageUI" name="loanAmountTextBoxAvailibility" time="0.488"/>
  <testcase classname="com.emicalculation.pages.EmiCalculatorPageUI" name="loanAmountSliderAvailibility" time="0.297"/>
  <testcase classname="com.emicalculation.pages.EmiCalculatorPageUI" name="loanAmountSliderCheck" time="0.418"/>
  <testcase classname="com.emicalculation.pages.EmiCalculatorPageUI" name="enterLoanAmountCheck" time="0.303"/>
  <testcase classname="com.emicalculation.pages.EmiCalculatorPageUI" name="checkLoanAmountAmountScale" time="0.283"/>
  <testcase classname="com.emicalculation.pages.EmiCalculatorPageUI" name="interestRateTextBoxAvailibility" time="0.306"/>
  <testcase classname="com.emicalculation.pages.EmiCalculatorPageUI" name="interestRateSliderAvailibility" time="0.324"/>
  <testcase classname="com.emicalculation.pages.EmiCalculatorPageUI" name="interestRateSliderCheck" time="0.426"/>
  <testcase classname="com.emicalculation.pages.EmiCalculatorPageUI" name="enterInterestRateCheck" time="0.315"/>
  <testcase classname="com.emicalculation.pages.EmiCalculatorPageUI" name="checkInterestRateScale" time="0.326"/>
  <testcase classname="com.emicalculation.pages.EmiCalculatorPageUI" name="loanTenureTextBoxAvailibility" time="0.567"/>
  <testcase classname="com.emicalculation.pages.EmiCalculatorPageUI" name="loanTenureSliderAvailibility" time="0.544"/>
  <testcase classname="com.emicalculation.pages.EmiCalculatorPageUI" name="loanTenureSliderCheck" time="0.432"/>
  <testcase classname="com.emicalculation.pages.EmiCalculatorPageUI" name="enterLoanTenureCheck" time="0.59"/>
  <testcase classname="com.emicalculation.pages.EmiCalculatorPageUI" name="checkLoanTenureScale" time="1.039"/>
  <testcase classname="com.emicalculation.pages.EmiCalculatorPageUI" name="feesChargesTextBoxAvailibility" time="0.396"/>
  <testcase classname="com.emicalculation.pages.EmiCalculatorPageUI" name="feesChargesSliderAvailibility" time="0.331"/>
  <testcase classname="com.emicalculation.pages.EmiCalculatorPageUI" name="feesChargesSliderCheck" time="0.448"/>
  <testcase classname="com.emicalculation.pages.EmiCalculatorPageUI" name="enterFeesChargesCheck" time="0.584"/>
  <testcase classname="com.emicalculation.pages.EmiCalculatorPageUI" name="checkFeesChargesScale" time="0.632"/>
  <testcase classname="com.emicalculation.pages.EmiCalculatorPageUI" name="closeApplication" time="0.303"/>
  <testcase classname="com.emicalculation.base.BaseUI" name="@AfterTest endReport" time="0.0">
    <ignored/>
  </testcase> <!-- @AfterTest endReport -->
  <testcase classname="com.emicalculation.base.BaseUI" name="@AfterTest endReport" time="0.0">
    <ignored/>
  </testcase> <!-- @AfterTest endReport -->
  <testcase classname="com.emicalculation.base.BaseUI" name="@AfterTest endReport" time="0.0">
    <ignored/>
  </testcase> <!-- @AfterTest endReport -->
  <testcase classname="com.emicalculation.base.BaseUI" name="@AfterTest endReport" time="0.0">
    <ignored/>
  </testcase> <!-- @AfterTest endReport -->
  <testcase classname="com.emicalculation.base.BaseUI" name="@AfterTest endReport" time="0.0">
    <ignored/>
  </testcase> <!-- @AfterTest endReport -->
</testsuite> <!-- Test -->
